<?xml version="1.0" encoding="UTF-8"?>
<!-- Generated by org.testng.reporters.JUnitReportReporter -->
<testsuite hostname="DESKTOP-A8AOGG1" failures="0" tests="1" name="tests.JSONSchemaValidator" time="1.661" errors="0" timestamp="2023-04-09T23:07:43 IST" skipped="0">
  <testcase classname="tests.JSONSchemaValidator" name="testGet" time="1.661"/>
  <system-out/>
</testsuite> <!-- tests.JSONSchemaValidator -->
