<?xml version="1.0" encoding="UTF-8"?>
<!-- Generated by org.testng.reporters.JUnitReportReporter -->
<testsuite hostname="DESKTOP-A8AOGG1" failures="0" tests="5" name="tests.TestOnLocalAPI" time="3.569" errors="0" timestamp="2023-04-09T23:13:34 IST" skipped="0">
  <testcase classname="tests.TestOnLocalAPI" name="post" time="0.148"/>
  <system-out/>
  <testcase classname="tests.TestOnLocalAPI" name="get" time="3.261"/>
  <system-out/>
  <testcase classname="tests.TestOnLocalAPI" name="put" time="0.055"/>
  <system-out/>
  <testcase classname="tests.TestOnLocalAPI" name="patch" time="0.048"/>
  <system-out/>
  <testcase classname="tests.TestOnLocalAPI" name="delete" time="0.057"/>
  <system-out/>
</testsuite> <!-- tests.TestOnLocalAPI -->
