<?xml version="1.0" encoding="UTF-8"?>
<!-- Generated by org.testng.reporters.JUnitReportReporter -->
<testsuite hostname="DESKTOP-A8AOGG1" failures="0" tests="2" name="tests.TestsExamples" time="0.518" errors="0" timestamp="2023-04-09T23:13:34 IST" skipped="0">
  <testcase classname="tests.TestsExamples" name="test_1" time="0.156"/>
  <system-out/>
  <testcase classname="tests.TestsExamples" name="test_2" time="0.362"/>
  <system-out/>
</testsuite> <!-- tests.TestsExamples -->
