<?xml version="1.0" encoding="UTF-8"?>
<!-- Generated by org.testng.reporters.JUnitReportReporter -->
<testsuite hostname="DESKTOP-A8AOGG1" failures="0" tests="3" name="tests.PutPatchDeleteExamples" time="1.353" errors="0" timestamp="2023-04-09T23:07:43 IST" skipped="0">
  <testcase classname="tests.PutPatchDeleteExamples" name="testPatch" time="0.449"/>
  <system-out/>
  <testcase classname="tests.PutPatchDeleteExamples" name="testPut" time="0.447"/>
  <system-out/>
  <testcase classname="tests.PutPatchDeleteExamples" name="testDelete" time="0.457"/>
  <system-out/>
</testsuite> <!-- tests.PutPatchDeleteExamples -->
