<?xml version="1.0" encoding="UTF-8"?>
<!-- Generated by org.testng.reporters.JUnitReportReporter -->
<testsuite hostname="DESKTOP-A8AOGG1" failures="0" tests="2" name="tests.GetAndPostExamples" time="0.471" errors="0" timestamp="2023-04-09T23:13:34 IST" skipped="1">
  <testcase classname="tests.GetAndPostExamples" name="testPost" time="0.471"/>
  <system-out/>
  <testcase classname="tests.GetAndPostExamples" name="testGet">
    <skipped/>
  </testcase> <!-- testGet -->
  <system-out/>
</testsuite> <!-- tests.GetAndPostExamples -->
