<?xml version="1.0" encoding="UTF-8"?>
<!-- Generated by org.testng.reporters.JUnitReportReporter -->
<testsuite hostname="DESKTOP-A8AOGG1" failures="0" tests="1" name="tests.SoapXMLRequest" time="0.651" errors="0" timestamp="2023-04-09T23:07:43 IST" skipped="0">
  <testcase classname="tests.SoapXMLRequest" name="validateSoapXML" time="0.651"/>
  <system-out/>
</testsuite> <!-- tests.SoapXMLRequest -->
