<?xml version="1.0" encoding="UTF-8"?>
<!-- Generated by org.testng.reporters.JUnitReportReporter -->
<testsuite hostname="DESKTOP-A8AOGG1" failures="0" tests="1" name="tests.JSONSchemaValidator" time="4.933" errors="0" timestamp="2023-04-09T20:19:49 IST" skipped="0">
  <testcase classname="tests.JSONSchemaValidator" name="testGet" time="4.933"/>
  <system-out/>
</testsuite> <!-- tests.JSONSchemaValidator -->
