<?xml version="1.0" encoding="UTF-8"?>
<!-- Generated by org.testng.reporters.JUnitReportReporter -->
<testsuite hostname="DESKTOP-A8AOGG1" failures="0" tests="3" name="tests.PutPatchDeleteExamples" time="5.450" errors="0" timestamp="2023-04-09T08:54:34 IST" skipped="0">
  <testcase classname="tests.PutPatchDeleteExamples" name="testPatch" time="0.623"/>
  <system-out/>
  <testcase classname="tests.PutPatchDeleteExamples" name="testPut" time="0.454"/>
  <system-out/>
  <testcase classname="tests.PutPatchDeleteExamples" name="testDelete" time="4.373"/>
  <system-out/>
</testsuite> <!-- tests.PutPatchDeleteExamples -->
