<?xml version="1.0" encoding="UTF-8"?>
<!-- Generated by org.testng.reporters.JUnitReportReporter -->
<testsuite hostname="DESKTOP-A8AOGG1" failures="0" tests="5" name="tests.TestOnLocalAPI" time="3.024" errors="0" timestamp="2023-04-09T18:53:45 IST" skipped="0">
  <testcase classname="tests.TestOnLocalAPI" name="get" time="2.742"/>
  <system-out/>
  <testcase classname="tests.TestOnLocalAPI" name="post" time="0.121"/>
  <system-out/>
  <testcase classname="tests.TestOnLocalAPI" name="put" time="0.058"/>
  <system-out/>
  <testcase classname="tests.TestOnLocalAPI" name="patch" time="0.059"/>
  <system-out/>
  <testcase classname="tests.TestOnLocalAPI" name="delete" time="0.044"/>
  <system-out/>
</testsuite> <!-- tests.TestOnLocalAPI -->
