<?xml version="1.0" encoding="UTF-8"?>
<!-- Generated by org.testng.reporters.JUnitReportReporter -->
<testsuite hostname="DESKTOP-A8AOGG1" failures="0" tests="2" name="tests.TestsExamples" time="4.873" errors="0" timestamp="2023-04-08T23:20:37 IST" skipped="1">
  <testcase classname="tests.TestsExamples" name="test_2" time="4.873"/>
  <system-out/>
  <testcase classname="tests.TestsExamples" name="test_1">
    <skipped/>
  </testcase> <!-- test_1 -->
  <system-out/>
</testsuite> <!-- tests.TestsExamples -->
