<?xml version="1.0" encoding="UTF-8"?>
<!-- Generated by org.testng.reporters.JUnitReportReporter -->
<testsuite hostname="DESKTOP-A8AOGG1" failures="0" tests="5" name="tests.TestOnLocalAPI" time="4.107" errors="0" timestamp="2023-04-09T23:07:43 IST" skipped="0">
  <testcase classname="tests.TestOnLocalAPI" name="post" time="0.197"/>
  <system-out/>
  <testcase classname="tests.TestOnLocalAPI" name="get" time="3.661"/>
  <system-out/>
  <testcase classname="tests.TestOnLocalAPI" name="put" time="0.085"/>
  <system-out/>
  <testcase classname="tests.TestOnLocalAPI" name="patch" time="0.060"/>
  <system-out/>
  <testcase classname="tests.TestOnLocalAPI" name="delete" time="0.104"/>
  <system-out/>
</testsuite> <!-- tests.TestOnLocalAPI -->
