<?xml version="1.0" encoding="UTF-8"?>
<!-- Generated by org.testng.reporters.JUnitReportReporter -->
<testsuite hostname="DESKTOP-A8AOGG1" failures="0" tests="2" name="tests.TestsExamples" time="0.553" errors="0" timestamp="2023-04-09T23:07:43 IST" skipped="1">
  <testcase classname="tests.TestsExamples" name="test_2" time="0.553"/>
  <system-out/>
  <testcase classname="tests.TestsExamples" name="test_1">
    <skipped/>
  </testcase> <!-- test_1 -->
  <system-out/>
</testsuite> <!-- tests.TestsExamples -->
