<?xml version="1.0" encoding="UTF-8"?>
<!-- Generated by org.testng.reporters.JUnitReportReporter -->
<testsuite hostname="DESKTOP-A8AOGG1" failures="0" tests="3" name="tests.PutPatchDeleteExamples" time="1.354" errors="0" timestamp="2023-04-09T23:13:34 IST" skipped="0">
  <testcase classname="tests.PutPatchDeleteExamples" name="testPut" time="0.452"/>
  <system-out/>
  <testcase classname="tests.PutPatchDeleteExamples" name="testPatch" time="0.466"/>
  <system-out/>
  <testcase classname="tests.PutPatchDeleteExamples" name="testDelete" time="0.436"/>
  <system-out/>
</testsuite> <!-- tests.PutPatchDeleteExamples -->
