<?xml version="1.0" encoding="UTF-8"?>
<!-- Generated by org.testng.reporters.JUnitReportReporter -->
<testsuite hostname="DESKTOP-A8AOGG1" failures="0" tests="1" name="tests.SoapXMLRequest" time="5.656" errors="0" timestamp="2023-04-09T21:03:07 IST" skipped="0">
  <testcase classname="tests.SoapXMLRequest" name="validateSoapXML" time="5.656"/>
  <system-out/>
</testsuite> <!-- tests.SoapXMLRequest -->
